2021-01-25 20:36:17.101 [main] ERROR com.zjb.utils.ReadConf - ExceptionTest Exception:
java.io.FileNotFoundException: D:\Program%20Files\javaworkspace\TestSm34\target\conf\config.properties (系统找不到指定的路径。)
	at java.io.FileInputStream.open0(Native Method)
	at java.io.FileInputStream.open(FileInputStream.java:195)
	at java.io.FileInputStream.<init>(FileInputStream.java:138)
	at java.io.FileInputStream.<init>(FileInputStream.java:93)
	at com.zjb.utils.ReadConf.readconf(ReadConf.java:97)
	at com.zjb.utils.ReadConf.setUrlGenerateRandom(ReadConf.java:44)
	at com.zjb.encode.EncodeFile.generateRandom(EncodeFile.java:109)
	at com.zjb.utils.RWFile.enFile1(RWFile.java:87)
	at com.zjb.utils.RWFile.main(RWFile.java:41)
2021-01-25 20:36:18.528 [main] ERROR com.zjb.encode.EncodeFile - ExceptionTest Exception:
java.lang.RuntimeException: org.apache.http.client.ClientProtocolException
	at com.zjb.utils.HttpClientUtils.doPost(HttpClientUtils.java:75)
	at com.zjb.encode.EncodeFile.generateRandom(EncodeFile.java:122)
	at com.zjb.utils.RWFile.enFile1(RWFile.java:87)
	at com.zjb.utils.RWFile.main(RWFile.java:41)
Caused by: org.apache.http.client.ClientProtocolException: null
	at org.apache.http.impl.client.InternalHttpClient.doExecute(InternalHttpClient.java:187)
	at org.apache.http.impl.client.CloseableHttpClient.execute(CloseableHttpClient.java:83)
	at org.apache.http.impl.client.CloseableHttpClient.execute(CloseableHttpClient.java:108)
	at org.apache.http.impl.client.CloseableHttpClient.execute(CloseableHttpClient.java:56)
	at com.zjb.utils.HttpClientUtils.doPost(HttpClientUtils.java:67)
	... 3 common frames omitted
Caused by: org.apache.http.ProtocolException: Target host is not specified
	at org.apache.http.impl.conn.DefaultRoutePlanner.determineRoute(DefaultRoutePlanner.java:71)
	at org.apache.http.impl.client.InternalHttpClient.determineRoute(InternalHttpClient.java:125)
	at org.apache.http.impl.client.InternalHttpClient.doExecute(InternalHttpClient.java:184)
	... 7 common frames omitted
2021-01-25 20:36:18.528 [main] ERROR com.zjb.encode.EncodeFile - sm4Encode randomN is null or empty
2021-01-25 20:36:18.529 [main] ERROR com.zjb.encode.EncodeFile - encodeSignedAndEnvelope randomN is null or empty
2021-01-25 20:36:18.529 [main] ERROR com.zjb.utils.RWFile - writeFile: encrypted is null
2021-01-25 20:48:48.110 [main] ERROR com.zjb.utils.ReadConf - ExceptionTest Exception:
java.io.FileNotFoundException: D:\Program%20Files\javaworkspace\TestSm34\target\conf\config.properties (系统找不到指定的路径。)
	at java.io.FileInputStream.open0(Native Method)
	at java.io.FileInputStream.open(FileInputStream.java:195)
	at java.io.FileInputStream.<init>(FileInputStream.java:138)
	at java.io.FileInputStream.<init>(FileInputStream.java:93)
	at com.zjb.utils.ReadConf.readconf(ReadConf.java:97)
	at com.zjb.utils.ReadConf.setUrlGenerateRandom(ReadConf.java:44)
	at com.zjb.encode.EncodeFile.generateRandom(EncodeFile.java:109)
	at com.zjb.utils.RWFile.enFile1(RWFile.java:87)
	at com.zjb.utils.RWFile.main(RWFile.java:41)
2021-01-25 20:48:49.186 [main] ERROR com.zjb.encode.EncodeFile - ExceptionTest Exception:
java.lang.RuntimeException: org.apache.http.client.ClientProtocolException
	at com.zjb.utils.HttpClientUtils.doPost(HttpClientUtils.java:75)
	at com.zjb.encode.EncodeFile.generateRandom(EncodeFile.java:122)
	at com.zjb.utils.RWFile.enFile1(RWFile.java:87)
	at com.zjb.utils.RWFile.main(RWFile.java:41)
Caused by: org.apache.http.client.ClientProtocolException: null
	at org.apache.http.impl.client.InternalHttpClient.doExecute(InternalHttpClient.java:187)
	at org.apache.http.impl.client.CloseableHttpClient.execute(CloseableHttpClient.java:83)
	at org.apache.http.impl.client.CloseableHttpClient.execute(CloseableHttpClient.java:108)
	at org.apache.http.impl.client.CloseableHttpClient.execute(CloseableHttpClient.java:56)
	at com.zjb.utils.HttpClientUtils.doPost(HttpClientUtils.java:67)
	... 3 common frames omitted
Caused by: org.apache.http.ProtocolException: Target host is not specified
	at org.apache.http.impl.conn.DefaultRoutePlanner.determineRoute(DefaultRoutePlanner.java:71)
	at org.apache.http.impl.client.InternalHttpClient.determineRoute(InternalHttpClient.java:125)
	at org.apache.http.impl.client.InternalHttpClient.doExecute(InternalHttpClient.java:184)
	... 7 common frames omitted
2021-01-25 20:48:49.187 [main] ERROR com.zjb.encode.EncodeFile - sm4Encode randomN is null or empty
2021-01-25 20:48:49.188 [main] ERROR com.zjb.encode.EncodeFile - encodeSignedAndEnvelope randomN is null or empty
2021-01-25 20:48:49.188 [main] ERROR com.zjb.utils.RWFile - writeFile: encrypted is null
2021-01-25 20:51:24.505 [main] ERROR com.zjb.utils.ReadConf - ExceptionTest Exception:
java.io.FileNotFoundException: D:\Program%20Files\javaworkspace\TestSm34\target\conf\config.properties (系统找不到指定的路径。)
	at java.io.FileInputStream.open0(Native Method)
	at java.io.FileInputStream.open(FileInputStream.java:195)
	at java.io.FileInputStream.<init>(FileInputStream.java:138)
	at java.io.FileInputStream.<init>(FileInputStream.java:93)
	at com.zjb.utils.ReadConf.readconf(ReadConf.java:98)
	at com.zjb.utils.ReadConf.setUrlGenerateRandom(ReadConf.java:44)
	at com.zjb.encode.EncodeFile.generateRandom(EncodeFile.java:109)
	at com.zjb.utils.RWFile.enFile1(RWFile.java:87)
	at com.zjb.utils.RWFile.main(RWFile.java:41)
2021-01-25 20:51:25.193 [main] ERROR com.zjb.encode.EncodeFile - ExceptionTest Exception:
java.lang.RuntimeException: org.apache.http.client.ClientProtocolException
	at com.zjb.utils.HttpClientUtils.doPost(HttpClientUtils.java:75)
	at com.zjb.encode.EncodeFile.generateRandom(EncodeFile.java:122)
	at com.zjb.utils.RWFile.enFile1(RWFile.java:87)
	at com.zjb.utils.RWFile.main(RWFile.java:41)
Caused by: org.apache.http.client.ClientProtocolException: null
	at org.apache.http.impl.client.InternalHttpClient.doExecute(InternalHttpClient.java:187)
	at org.apache.http.impl.client.CloseableHttpClient.execute(CloseableHttpClient.java:83)
	at org.apache.http.impl.client.CloseableHttpClient.execute(CloseableHttpClient.java:108)
	at org.apache.http.impl.client.CloseableHttpClient.execute(CloseableHttpClient.java:56)
	at com.zjb.utils.HttpClientUtils.doPost(HttpClientUtils.java:67)
	... 3 common frames omitted
Caused by: org.apache.http.ProtocolException: Target host is not specified
	at org.apache.http.impl.conn.DefaultRoutePlanner.determineRoute(DefaultRoutePlanner.java:71)
	at org.apache.http.impl.client.InternalHttpClient.determineRoute(InternalHttpClient.java:125)
	at org.apache.http.impl.client.InternalHttpClient.doExecute(InternalHttpClient.java:184)
	... 7 common frames omitted
2021-01-25 20:51:25.194 [main] ERROR com.zjb.encode.EncodeFile - sm4Encode randomN is null or empty
2021-01-25 20:51:25.194 [main] ERROR com.zjb.encode.EncodeFile - encodeSignedAndEnvelope randomN is null or empty
2021-01-25 20:51:25.194 [main] ERROR com.zjb.utils.RWFile - writeFile: encrypted is null
2021-01-25 21:27:22.411 [main] ERROR com.zjb.utils.ReadConf - ExceptionTest Exception:
java.io.FileNotFoundException: D:\Program%20Files\javaworkspace\TestSm34\target\conf\config.properties (系统找不到指定的路径。)
	at java.io.FileInputStream.open0(Native Method)
	at java.io.FileInputStream.open(FileInputStream.java:195)
	at java.io.FileInputStream.<init>(FileInputStream.java:138)
	at java.io.FileInputStream.<init>(FileInputStream.java:93)
	at com.zjb.utils.ReadConf.readconf(ReadConf.java:98)
	at com.zjb.utils.ReadConf.setUrlGenerateRandom(ReadConf.java:44)
	at com.zjb.encode.EncodeFile.generateRandom(EncodeFile.java:109)
	at com.zjb.utils.RWFile.enFile1(RWFile.java:87)
	at com.zjb.utils.RWFile.main(RWFile.java:41)
2021-01-25 21:27:23.184 [main] ERROR com.zjb.encode.EncodeFile - ExceptionTest Exception:
java.lang.RuntimeException: org.apache.http.client.ClientProtocolException
	at com.zjb.utils.HttpClientUtils.doPost(HttpClientUtils.java:75)
	at com.zjb.encode.EncodeFile.generateRandom(EncodeFile.java:122)
	at com.zjb.utils.RWFile.enFile1(RWFile.java:87)
	at com.zjb.utils.RWFile.main(RWFile.java:41)
Caused by: org.apache.http.client.ClientProtocolException: null
	at org.apache.http.impl.client.InternalHttpClient.doExecute(InternalHttpClient.java:187)
	at org.apache.http.impl.client.CloseableHttpClient.execute(CloseableHttpClient.java:83)
	at org.apache.http.impl.client.CloseableHttpClient.execute(CloseableHttpClient.java:108)
	at org.apache.http.impl.client.CloseableHttpClient.execute(CloseableHttpClient.java:56)
	at com.zjb.utils.HttpClientUtils.doPost(HttpClientUtils.java:67)
	... 3 common frames omitted
Caused by: org.apache.http.ProtocolException: Target host is not specified
	at org.apache.http.impl.conn.DefaultRoutePlanner.determineRoute(DefaultRoutePlanner.java:71)
	at org.apache.http.impl.client.InternalHttpClient.determineRoute(InternalHttpClient.java:125)
	at org.apache.http.impl.client.InternalHttpClient.doExecute(InternalHttpClient.java:184)
	... 7 common frames omitted
2021-01-25 21:27:23.184 [main] ERROR com.zjb.encode.EncodeFile - sm4Encode randomN is null or empty
2021-01-25 21:27:23.184 [main] ERROR com.zjb.encode.EncodeFile - encodeSignedAndEnvelope randomN is null or empty
2021-01-25 21:27:23.184 [main] ERROR com.zjb.utils.RWFile - writeFile: encrypted is null
