2020-09-17 09:27:22.981 [main] INFO  com.zjb.utils.RWFile - readFile: finish
2020-09-17 09:27:22.983 [main] INFO  com.zjb.utils.RWFile - readFile use time: 12 ms
2020-09-17 09:27:23.755 [main] INFO  com.zjb.encode.EncodeFile - generateRandom success!
2020-09-17 09:27:23.756 [main] INFO  com.zjb.utils.RWFile - generateRandom use time: 772 ms
2020-09-17 09:27:23.759 [main] INFO  com.zjb.encode.EncodeFile - sm4Encode success!
2020-09-17 09:27:23.760 [main] INFO  com.zjb.utils.RWFile - sm4Encode use time: 4 ms
2020-09-17 09:27:23.784 [main] INFO  com.zjb.encode.EncodeFile - encodeSignedAndEnvelope success!
2020-09-17 09:27:23.784 [main] INFO  com.zjb.utils.RWFile - encodeSignedAndEnvelope use time: 24 ms
2020-09-17 09:27:23.785 [main] INFO  com.zjb.utils.RWFile - writeFile: finish
2020-09-17 09:27:23.787 [main] INFO  com.zjb.utils.RWFile - writeFile: finish
2020-09-17 09:27:23.787 [main] INFO  com.zjb.utils.RWFile - writeFile use time: 3 ms
2020-09-17 09:27:23.787 [main] INFO  com.zjb.utils.RWFile - enFile: encode file success
2020-09-17 09:27:51.277 [main] INFO  com.zjb.utils.RWFile - readFile: finish
2020-09-17 09:27:51.287 [main] INFO  com.zjb.utils.RWFile - readFile: finish
2020-09-17 09:27:51.287 [main] INFO  com.zjb.utils.RWFile - readFile use time: 20 ms
2020-09-17 09:27:54.939 [main] INFO  com.zjb.encode.EncodeFile - decodeSignedAndEnvelope success!
2020-09-17 09:27:54.940 [main] INFO  com.zjb.utils.RWFile - decodeSignedAndEnvelope use time: 3653 ms
2020-09-17 09:27:54.942 [main] INFO  com.zjb.encode.EncodeFile - sm4Decode success
2020-09-17 09:27:54.942 [main] INFO  com.zjb.utils.RWFile - sm4Decode use time: 2 ms
2020-09-17 09:27:54.942 [main] INFO  com.zjb.utils.RWFile - writeFile: finish
2020-09-17 09:27:54.942 [main] INFO  com.zjb.utils.RWFile - deFile: decode file success
2020-09-17 09:27:54.942 [main] INFO  com.zjb.utils.RWFile - writeFile use time: 0 ms
